########### array before sorts ###########
0	12.000000	10.000000	11.482362	9.931852	n
1	11.482362	9.931852	11.000000	9.732051	n
2	11.000000	9.732051	10.585786	9.414214	n
3	10.585786	9.414214	10.267949	9.000000	n
4	10.267949	9.000000	10.068148	8.517638	n
5	10.068148	8.517638	10.000000	8.000000	n
6	10.000000	8.000000	10.000000	2.000000	n
7	10.000000	2.000000	9.931852	1.482362	n
8	9.931852	1.482362	9.732051	1.000000	n
9	9.732051	1.000000	9.414214	0.585786	n
10	9.414214	0.585786	9.000000	0.267949	n
11	9.000000	0.267949	8.517638	0.068148	n
12	8.517638	0.068148	8.000000	0.000000	n
13	8.000000	0.000000	2.000000	0.000000	n
14	2.000000	0.000000	1.482362	0.068148	n
15	1.482362	0.068148	1.000000	0.267949	n
16	1.000000	0.267949	0.585786	0.585786	n
17	0.585786	0.585786	0.267949	1.000000	n
18	0.267949	1.000000	0.068148	1.482362	n
19	0.068148	1.482362	0.000000	2.000000	n
20	0.000000	2.000000	0.000000	77.000000	n
21	0.000000	77.000000	0.068148	77.517638	n
22	0.068148	77.517638	0.267949	78.000000	n
23	0.267949	78.000000	0.585786	78.414214	n
24	0.585786	78.414214	1.000000	78.732051	n
25	1.000000	78.732051	1.482362	78.931852	n
26	1.482362	78.931852	2.000000	79.000000	n
27	2.000000	79.000000	114.000000	79.000000	n
28	114.000000	79.000000	114.517638	78.931852	n
29	114.517638	78.931852	115.000000	78.732051	n
30	115.000000	78.732051	115.414214	78.414214	n
31	115.414214	78.414214	115.732051	78.000000	n
32	115.732051	78.000000	115.931852	77.517638	n
33	115.931852	77.517638	116.000000	77.000000	n
34	116.000000	77.000000	116.000000	2.000000	n
35	116.000000	2.000000	115.931852	1.482362	n
36	115.931852	1.482362	115.732051	1.000000	n
37	115.732051	1.000000	115.414214	0.585786	n
38	115.414214	0.585786	115.000000	0.267949	n
39	115.000000	0.267949	114.517638	0.068148	n
40	114.517638	0.068148	114.000000	0.000000	n
41	114.000000	0.000000	104.000000	0.000000	n
42	104.000000	0.000000	103.482362	0.068148	n
43	103.482362	0.068148	103.000000	0.267949	n
44	103.000000	0.267949	102.585786	0.585786	n
45	102.585786	0.585786	102.267949	1.000000	n
46	102.267949	1.000000	102.068148	1.482362	n
47	102.068148	1.482362	102.000000	2.000000	n
48	102.000000	2.000000	102.000000	8.000000	n
49	102.000000	8.000000	101.931852	8.517638	n
50	101.931852	8.517638	101.732051	9.000000	n
51	101.732051	9.000000	101.414214	9.414214	n
52	101.414214	9.414214	101.000000	9.732051	n
53	101.000000	9.732051	100.517638	9.931852	n
54	100.517638	9.931852	100.000000	10.000000	n
55	100.000000	10.000000	12.000000	10.000000	n
Tolerance=0.050000.
*Exact match for i=0 and j=1.
*i point 12.000000	10.000000	11.482362	9.931852	y
*Exact match for i=1 and j=2.
*i point 11.482362	9.931852	11.000000	9.732051	y
*Exact match for i=2 and j=3.
*i point 11.000000	9.732051	10.585786	9.414214	y
*Exact match for i=3 and j=4.
*i point 10.585786	9.414214	10.267949	9.000000	y
*Exact match for i=4 and j=5.
*i point 10.267949	9.000000	10.068148	8.517638	y
*Exact match for i=5 and j=6.
*i point 10.068148	8.517638	10.000000	8.000000	y
*Exact match for i=6 and j=7.
*i point 10.000000	8.000000	10.000000	2.000000	y
*Exact match for i=7 and j=8.
*i point 10.000000	2.000000	9.931852	1.482362	y
*Exact match for i=8 and j=9.
*i point 9.931852	1.482362	9.732051	1.000000	y
*Exact match for i=9 and j=10.
*i point 9.732051	1.000000	9.414214	0.585786	y
*Exact match for i=10 and j=11.
*i point 9.414214	0.585786	9.000000	0.267949	y
*Exact match for i=11 and j=12.
*i point 9.000000	0.267949	8.517638	0.068148	y
*Exact match for i=12 and j=13.
*i point 8.517638	0.068148	8.000000	0.000000	y
*Exact match for i=13 and j=14.
*i point 8.000000	0.000000	2.000000	0.000000	y
*Exact match for i=14 and j=15.
*i point 2.000000	0.000000	1.482362	0.068148	y
*Exact match for i=15 and j=16.
*i point 1.482362	0.068148	1.000000	0.267949	y
*Exact match for i=16 and j=17.
*i point 1.000000	0.267949	0.585786	0.585786	y
*Exact match for i=17 and j=18.
*i point 0.585786	0.585786	0.267949	1.000000	y
*Exact match for i=18 and j=19.
*i point 0.267949	1.000000	0.068148	1.482362	y
*Exact match for i=19 and j=20.
*i point 0.068148	1.482362	0.000000	2.000000	y
*Exact match for i=20 and j=21.
*i point 0.000000	2.000000	0.000000	77.000000	y
*Exact match for i=21 and j=22.
*i point 0.000000	77.000000	0.068148	77.517638	y
*Exact match for i=22 and j=23.
*i point 0.068148	77.517638	0.267949	78.000000	y
*Exact match for i=23 and j=24.
*i point 0.267949	78.000000	0.585786	78.414214	y
*Exact match for i=24 and j=25.
*i point 0.585786	78.414214	1.000000	78.732051	y
*Exact match for i=25 and j=26.
*i point 1.000000	78.732051	1.482362	78.931852	y
*Exact match for i=26 and j=27.
*i point 1.482362	78.931852	2.000000	79.000000	y
*Exact match for i=27 and j=28.
*i point 2.000000	79.000000	114.000000	79.000000	y
*Exact match for i=28 and j=29.
*i point 114.000000	79.000000	114.517638	78.931852	y
*Exact match for i=29 and j=30.
*i point 114.517638	78.931852	115.000000	78.732051	y
*Exact match for i=30 and j=31.
*i point 115.000000	78.732051	115.414214	78.414214	y
*Exact match for i=31 and j=32.
*i point 115.414214	78.414214	115.732051	78.000000	y
*Exact match for i=32 and j=33.
*i point 115.732051	78.000000	115.931852	77.517638	y
*Exact match for i=33 and j=34.
*i point 115.931852	77.517638	116.000000	77.000000	y
*Exact match for i=34 and j=35.
*i point 116.000000	77.000000	116.000000	2.000000	y
*Exact match for i=35 and j=36.
*i point 116.000000	2.000000	115.931852	1.482362	y
*Exact match for i=36 and j=37.
*i point 115.931852	1.482362	115.732051	1.000000	y
*Exact match for i=37 and j=38.
*i point 115.732051	1.000000	115.414214	0.585786	y
*Exact match for i=38 and j=39.
*i point 115.414214	0.585786	115.000000	0.267949	y
*Exact match for i=39 and j=40.
*i point 115.000000	0.267949	114.517638	0.068148	y
*Exact match for i=40 and j=41.
*i point 114.517638	0.068148	114.000000	0.000000	y
*Exact match for i=41 and j=42.
*i point 114.000000	0.000000	104.000000	0.000000	y
*Exact match for i=42 and j=43.
*i point 104.000000	0.000000	103.482362	0.068148	y
*Exact match for i=43 and j=44.
*i point 103.482362	0.068148	103.000000	0.267949	y
*Exact match for i=44 and j=45.
*i point 103.000000	0.267949	102.585786	0.585786	y
*Exact match for i=45 and j=46.
*i point 102.585786	0.585786	102.267949	1.000000	y
*Exact match for i=46 and j=47.
*i point 102.267949	1.000000	102.068148	1.482362	y
*Exact match for i=47 and j=48.
*i point 102.068148	1.482362	102.000000	2.000000	y
*Exact match for i=48 and j=49.
*i point 102.000000	2.000000	102.000000	8.000000	y
*Exact match for i=49 and j=50.
*i point 102.000000	8.000000	101.931852	8.517638	y
*Exact match for i=50 and j=51.
*i point 101.931852	8.517638	101.732051	9.000000	y
*Exact match for i=51 and j=52.
*i point 101.732051	9.000000	101.414214	9.414214	y
*Exact match for i=52 and j=53.
*i point 101.414214	9.414214	101.000000	9.732051	y
*Exact match for i=53 and j=54.
*i point 101.000000	9.732051	100.517638	9.931852	y
*Exact match for i=54 and j=55.
*i point 100.517638	9.931852	100.000000	10.000000	y
########### array after sorts ###########
0	12.000000	10.000000	11.482362	9.931852	y
1	11.482362	9.931852	11.000000	9.732051	y
2	11.000000	9.732051	10.585786	9.414214	y
3	10.585786	9.414214	10.267949	9.000000	y
4	10.267949	9.000000	10.068148	8.517638	y
5	10.068148	8.517638	10.000000	8.000000	y
6	10.000000	8.000000	10.000000	2.000000	y
7	10.000000	2.000000	9.931852	1.482362	y
8	9.931852	1.482362	9.732051	1.000000	y
9	9.732051	1.000000	9.414214	0.585786	y
10	9.414214	0.585786	9.000000	0.267949	y
11	9.000000	0.267949	8.517638	0.068148	y
12	8.517638	0.068148	8.000000	0.000000	y
13	8.000000	0.000000	2.000000	0.000000	y
14	2.000000	0.000000	1.482362	0.068148	y
15	1.482362	0.068148	1.000000	0.267949	y
16	1.000000	0.267949	0.585786	0.585786	y
17	0.585786	0.585786	0.267949	1.000000	y
18	0.267949	1.000000	0.068148	1.482362	y
19	0.068148	1.482362	0.000000	2.000000	y
20	0.000000	2.000000	0.000000	77.000000	y
21	0.000000	77.000000	0.068148	77.517638	y
22	0.068148	77.517638	0.267949	78.000000	y
23	0.267949	78.000000	0.585786	78.414214	y
24	0.585786	78.414214	1.000000	78.732051	y
25	1.000000	78.732051	1.482362	78.931852	y
26	1.482362	78.931852	2.000000	79.000000	y
27	2.000000	79.000000	114.000000	79.000000	y
28	114.000000	79.000000	114.517638	78.931852	y
29	114.517638	78.931852	115.000000	78.732051	y
30	115.000000	78.732051	115.414214	78.414214	y
31	115.414214	78.414214	115.732051	78.000000	y
32	115.732051	78.000000	115.931852	77.517638	y
33	115.931852	77.517638	116.000000	77.000000	y
34	116.000000	77.000000	116.000000	2.000000	y
35	116.000000	2.000000	115.931852	1.482362	y
36	115.931852	1.482362	115.732051	1.000000	y
37	115.732051	1.000000	115.414214	0.585786	y
38	115.414214	0.585786	115.000000	0.267949	y
39	115.000000	0.267949	114.517638	0.068148	y
40	114.517638	0.068148	114.000000	0.000000	y
41	114.000000	0.000000	104.000000	0.000000	y
42	104.000000	0.000000	103.482362	0.068148	y
43	103.482362	0.068148	103.000000	0.267949	y
44	103.000000	0.267949	102.585786	0.585786	y
45	102.585786	0.585786	102.267949	1.000000	y
46	102.267949	1.000000	102.068148	1.482362	y
47	102.068148	1.482362	102.000000	2.000000	y
48	102.000000	2.000000	102.000000	8.000000	y
49	102.000000	8.000000	101.931852	8.517638	y
50	101.931852	8.517638	101.732051	9.000000	y
51	101.732051	9.000000	101.414214	9.414214	y
52	101.414214	9.414214	101.000000	9.732051	y
53	101.000000	9.732051	100.517638	9.931852	y
54	100.517638	9.931852	100.000000	10.000000	y
55	100.000000	10.000000	12.000000	10.000000	y
***************
.BOARD_OUTLINE UNOWNED
1.6
0     12.000000     10.000000     0
0     11.482362     9.931852     0
0     11.000000     9.732051     0
0     10.585786     9.414214     0
0     10.267949     9.000000     0
0     10.068148     8.517638     0
0     10.000000     8.000000     0
0     10.000000     2.000000     0
0     9.931852     1.482362     0
0     9.732051     1.000000     0
0     9.414214     0.585786     0
0     9.000000     0.267949     0
0     8.517638     0.068148     0
0     8.000000     0.000000     0
0     2.000000     0.000000     0
0     1.482362     0.068148     0
0     1.000000     0.267949     0
0     0.585786     0.585786     0
0     0.267949     1.000000     0
0     0.068148     1.482362     0
0     0.000000     2.000000     0
0     0.000000     77.000000     0
0     0.068148     77.517638     0
0     0.267949     78.000000     0
0     0.585786     78.414214     0
0     1.000000     78.732051     0
0     1.482362     78.931852     0
0     2.000000     79.000000     0
0     114.000000     79.000000     0
0     114.517638     78.931852     0
0     115.000000     78.732051     0
0     115.414214     78.414214     0
0     115.732051     78.000000     0
0     115.931852     77.517638     0
0     116.000000     77.000000     0
0     116.000000     2.000000     0
0     115.931852     1.482362     0
0     115.732051     1.000000     0
0     115.414214     0.585786     0
0     115.000000     0.267949     0
0     114.517638     0.068148     0
0     114.000000     0.000000     0
0     104.000000     0.000000     0
0     103.482362     0.068148     0
0     103.000000     0.267949     0
0     102.585786     0.585786     0
0     102.267949     1.000000     0
0     102.068148     1.482362     0
0     102.000000     2.000000     0
0     102.000000     8.000000     0
0     101.931852     8.517638     0
0     101.732051     9.000000     0
0     101.414214     9.414214     0
0     101.000000     9.732051     0
0     100.517638     9.931852     0
0     100.000000     10.000000     0
0     12.000000     10.000000     0
