########### array before sorts ###########
0	2.000000	0.000000	42.000000	0.000000	n
1	44.000000	2.000000	44.000000	48.000000	n
2	42.000000	50.000000	2.000000	50.000000	n
3	0.000000	48.000000	0.000000	2.000000	n
4	0.000000	2.000000	0.068148	1.482362	n
5	0.068148	1.482362	0.267949	1.000000	n
6	0.267949	1.000000	0.585786	0.585786	n
7	0.585786	0.585786	1.000000	0.267949	n
8	1.000000	0.267949	1.482362	0.068148	n
9	1.482362	0.068148	2.000000	0.000000	n
10	44.000000	2.000000	43.931852	1.482362	n
11	43.931852	1.482362	43.732051	1.000000	n
12	43.732051	1.000000	43.414214	0.585786	n
13	43.414214	0.585786	43.000000	0.267949	n
14	43.000000	0.267949	42.517638	0.068148	n
15	42.517638	0.068148	42.000000	0.000000	n
16	42.000000	50.000000	42.517638	49.931852	n
17	42.517638	49.931852	43.000000	49.732051	n
18	43.000000	49.732051	43.414214	49.414214	n
19	43.414214	49.414214	43.732051	49.000000	n
20	43.732051	49.000000	43.931852	48.517638	n
21	43.931852	48.517638	44.000000	48.000000	n
22	0.000000	48.000000	0.068148	48.517638	n
23	0.068148	48.517638	0.267949	49.000000	n
24	0.267949	49.000000	0.585786	49.414214	n
25	0.585786	49.414214	1.000000	49.732051	n
26	1.000000	49.732051	1.482362	49.931852	n
27	1.482362	49.931852	2.000000	50.000000	n
Tolerance=0.050000.
*Exact match for i=0 and j=15.
*i point 2.000000	0.000000	42.000000	0.000000	y
	*Before flip 	42.517638	0.068148	42.000000	0.000000	y
	*After flip 	42.000000	0.000000	42.517638	0.068148	y
*Exact match for i=1 and j=14.
*i point 42.000000	0.000000	42.517638	0.068148	y
	*Before flip 	43.000000	0.267949	42.517638	0.068148	y
	*After flip 	42.517638	0.068148	43.000000	0.267949	y
*Exact match for i=2 and j=13.
*i point 42.517638	0.068148	43.000000	0.267949	y
	*Before flip 	43.414214	0.585786	43.000000	0.267949	y
	*After flip 	43.000000	0.267949	43.414214	0.585786	y
*Exact match for i=3 and j=12.
*i point 43.000000	0.267949	43.414214	0.585786	y
	*Before flip 	43.732051	1.000000	43.414214	0.585786	y
	*After flip 	43.414214	0.585786	43.732051	1.000000	y
*Exact match for i=4 and j=11.
*i point 43.414214	0.585786	43.732051	1.000000	y
	*Before flip 	43.931852	1.482362	43.732051	1.000000	y
	*After flip 	43.732051	1.000000	43.931852	1.482362	y
*Exact match for i=5 and j=10.
*i point 43.732051	1.000000	43.931852	1.482362	y
	*Before flip 	44.000000	2.000000	43.931852	1.482362	y
	*After flip 	43.931852	1.482362	44.000000	2.000000	y
*Exact match for i=6 and j=15.
*i point 43.931852	1.482362	44.000000	2.000000	y
*Exact match for i=7 and j=21.
*i point 44.000000	2.000000	44.000000	48.000000	y
	*Before flip 	43.931852	48.517638	44.000000	48.000000	y
	*After flip 	44.000000	48.000000	43.931852	48.517638	y
*Exact match for i=8 and j=20.
*i point 44.000000	48.000000	43.931852	48.517638	y
	*Before flip 	43.732051	49.000000	43.931852	48.517638	y
	*After flip 	43.931852	48.517638	43.732051	49.000000	y
*Exact match for i=9 and j=19.
*i point 43.931852	48.517638	43.732051	49.000000	y
	*Before flip 	43.414214	49.414214	43.732051	49.000000	y
	*After flip 	43.732051	49.000000	43.414214	49.414214	y
*Exact match for i=10 and j=18.
*i point 43.732051	49.000000	43.414214	49.414214	y
	*Before flip 	43.000000	49.732051	43.414214	49.414214	y
	*After flip 	43.414214	49.414214	43.000000	49.732051	y
*Exact match for i=11 and j=17.
*i point 43.414214	49.414214	43.000000	49.732051	y
	*Before flip 	42.517638	49.931852	43.000000	49.732051	y
	*After flip 	43.000000	49.732051	42.517638	49.931852	y
*Exact match for i=12 and j=16.
*i point 43.000000	49.732051	42.517638	49.931852	y
	*Before flip 	42.000000	50.000000	42.517638	49.931852	y
	*After flip 	42.517638	49.931852	42.000000	50.000000	y
*Exact match for i=13 and j=14.
*i point 42.517638	49.931852	42.000000	50.000000	y
*Exact match for i=14 and j=27.
*i point 42.000000	50.000000	2.000000	50.000000	y
	*Before flip 	1.482362	49.931852	2.000000	50.000000	y
	*After flip 	2.000000	50.000000	1.482362	49.931852	y
*Exact match for i=15 and j=26.
*i point 2.000000	50.000000	1.482362	49.931852	y
	*Before flip 	1.000000	49.732051	1.482362	49.931852	y
	*After flip 	1.482362	49.931852	1.000000	49.732051	y
*Exact match for i=16 and j=25.
*i point 1.482362	49.931852	1.000000	49.732051	y
	*Before flip 	0.585786	49.414214	1.000000	49.732051	y
	*After flip 	1.000000	49.732051	0.585786	49.414214	y
*Exact match for i=17 and j=24.
*i point 1.000000	49.732051	0.585786	49.414214	y
	*Before flip 	0.267949	49.000000	0.585786	49.414214	y
	*After flip 	0.585786	49.414214	0.267949	49.000000	y
*Exact match for i=18 and j=23.
*i point 0.585786	49.414214	0.267949	49.000000	y
	*Before flip 	0.068148	48.517638	0.267949	49.000000	y
	*After flip 	0.267949	49.000000	0.068148	48.517638	y
*Exact match for i=19 and j=22.
*i point 0.267949	49.000000	0.068148	48.517638	y
	*Before flip 	0.000000	48.000000	0.068148	48.517638	y
	*After flip 	0.068148	48.517638	0.000000	48.000000	y
*Exact match for i=20 and j=26.
*i point 0.068148	48.517638	0.000000	48.000000	y
*Exact match for i=21 and j=25.
*i point 0.000000	48.000000	0.000000	2.000000	y
*Exact match for i=22 and j=24.
*i point 0.000000	2.000000	0.068148	1.482362	y
*Exact match for i=23 and j=24.
*i point 0.068148	1.482362	0.267949	1.000000	y
*Exact match for i=24 and j=27.
*i point 0.267949	1.000000	0.585786	0.585786	y
*Exact match for i=25 and j=26.
*i point 0.585786	0.585786	1.000000	0.267949	y
*Exact match for i=26 and j=27.
*i point 1.000000	0.267949	1.482362	0.068148	y
########### array after sorts ###########
0	2.000000	0.000000	42.000000	0.000000	y
1	42.000000	0.000000	42.517638	0.068148	y
2	42.517638	0.068148	43.000000	0.267949	y
3	43.000000	0.267949	43.414214	0.585786	y
4	43.414214	0.585786	43.732051	1.000000	y
5	43.732051	1.000000	43.931852	1.482362	y
6	43.931852	1.482362	44.000000	2.000000	y
7	44.000000	2.000000	44.000000	48.000000	y
8	44.000000	48.000000	43.931852	48.517638	y
9	43.931852	48.517638	43.732051	49.000000	y
10	43.732051	49.000000	43.414214	49.414214	y
11	43.414214	49.414214	43.000000	49.732051	y
12	43.000000	49.732051	42.517638	49.931852	y
13	42.517638	49.931852	42.000000	50.000000	y
14	42.000000	50.000000	2.000000	50.000000	y
15	2.000000	50.000000	1.482362	49.931852	y
16	1.482362	49.931852	1.000000	49.732051	y
17	1.000000	49.732051	0.585786	49.414214	y
18	0.585786	49.414214	0.267949	49.000000	y
19	0.267949	49.000000	0.068148	48.517638	y
20	0.068148	48.517638	0.000000	48.000000	y
21	0.000000	48.000000	0.000000	2.000000	y
22	0.000000	2.000000	0.068148	1.482362	y
23	0.068148	1.482362	0.267949	1.000000	y
24	0.267949	1.000000	0.585786	0.585786	y
25	0.585786	0.585786	1.000000	0.267949	y
26	1.000000	0.267949	1.482362	0.068148	y
27	1.482362	0.068148	2.000000	0.000000	y
***************
.BOARD_OUTLINE UNOWNED
1.6
0     2.000000     0.000000     0
0     42.000000     0.000000     0
0     42.517638     0.068148     0
0     43.000000     0.267949     0
0     43.414214     0.585786     0
0     43.732051     1.000000     0
0     43.931852     1.482362     0
0     44.000000     2.000000     0
0     44.000000     48.000000     0
0     43.931852     48.517638     0
0     43.732051     49.000000     0
0     43.414214     49.414214     0
0     43.000000     49.732051     0
0     42.517638     49.931852     0
0     42.000000     50.000000     0
0     2.000000     50.000000     0
0     1.482362     49.931852     0
0     1.000000     49.732051     0
0     0.585786     49.414214     0
0     0.267949     49.000000     0
0     0.068148     48.517638     0
0     0.000000     48.000000     0
0     0.000000     2.000000     0
0     0.068148     1.482362     0
0     0.267949     1.000000     0
0     0.585786     0.585786     0
0     1.000000     0.267949     0
0     1.482362     0.068148     0
0     2.000000     0.000000     0
